0 verbose cli /usr/local/bin/node /usr/local/bin/npm
1 info using npm@11.11.0
2 info using node@v25.8.1
3 silly config load:file:/usr/local/lib/node_modules/npm/npmrc
4 silly config load:file:/Users/user/Desktop/link-ghosta/.npmrc
5 silly config load:file:/Users/user/.npmrc
6 silly config load:file:/usr/local/etc/npmrc
7 verbose title npm audit
8 verbose argv "audit" "--json"
9 verbose logfile logs-max:10 dir:/Users/user/Desktop/link-ghosta/.npm-cache/_logs/2026-06-17T09_23_44_231Z-
10 verbose logfile /Users/user/Desktop/link-ghosta/.npm-cache/_logs/2026-06-17T09_23_44_231Z-debug-0.log
11 silly logfile done cleaning log files
12 silly packumentCache heap:4496293888 maxSize:1124073472 maxEntrySize:562036736
13 silly audit bulk request {
13 silly audit   'ansi-regex': [ '5.0.1' ],
13 silly audit   'ansi-styles': [ '4.3.0' ],
13 silly audit   chalk: [ '4.1.2' ],
13 silly audit   'supports-color': [ '7.2.0', '8.1.1' ],
13 silly audit   cliui: [ '8.0.1' ],
13 silly audit   'color-convert': [ '2.0.1' ],
13 silly audit   'color-name': [ '1.1.4' ],
13 silly audit   concurrently: [ '9.2.1' ],
13 silly audit   'emoji-regex': [ '8.0.0' ],
13 silly audit   escalade: [ '3.2.0' ],
13 silly audit   'get-caller-file': [ '2.0.5' ],
13 silly audit   'has-flag': [ '4.0.0' ],
13 silly audit   'is-fullwidth-code-point': [ '3.0.0' ],
13 silly audit   'require-directory': [ '2.1.1' ],
13 silly audit   rxjs: [ '7.8.2' ],
13 silly audit   'shell-quote': [ '1.8.3' ],
13 silly audit   'string-width': [ '4.2.3' ],
13 silly audit   'strip-ansi': [ '6.0.1' ],
13 silly audit   'tree-kill': [ '1.2.2' ],
13 silly audit   tslib: [ '2.8.1' ],
13 silly audit   'wrap-ansi': [ '7.0.0' ],
13 silly audit   y18n: [ '5.0.8' ],
13 silly audit   yargs: [ '17.7.2' ],
13 silly audit   'yargs-parser': [ '21.1.1' ]
13 silly audit }
14 http fetch POST 200 https://registry.npmjs.org/-/npm/v1/security/advisories/bulk 378ms
15 silly audit report {
15 silly audit report   'shell-quote': [
15 silly audit report     {
15 silly audit report       id: 1120422,
15 silly audit report       url: 'https://github.com/advisories/GHSA-w7jw-789q-3m8p',
15 silly audit report       title: 'shell-quote quote() does not escape newlines in object .op values',
15 silly audit report       severity: 'critical',
15 silly audit report       vulnerable_versions: '>=1.1.0 <=1.8.3',
15 silly audit report       cwe: [Array],
15 silly audit report       cvss: [Object]
15 silly audit report     }
15 silly audit report   ]
15 silly audit report }
16 silly packumentCache corgi:https://registry.npmjs.org/shell-quote cache-miss
17 http cache https://registry.npmjs.org/shell-quote 15ms (cache hit)
18 silly packumentCache corgi:https://registry.npmjs.org/shell-quote set size:27390 disposed:false
19 silly packumentCache corgi:https://registry.npmjs.org/concurrently cache-miss
20 http cache https://registry.npmjs.org/concurrently 5ms (cache hit)
21 silly packumentCache corgi:https://registry.npmjs.org/concurrently set size:107332 disposed:false
22 verbose cwd /Users/user/Desktop/link-ghosta
23 verbose os Darwin 25.5.0
24 verbose node v25.8.1
25 verbose npm  v11.11.0
26 verbose exit 1
27 verbose code 1
