0 verbose cli /usr/local/bin/node /usr/local/bin/npm
1 info using npm@11.11.0
2 info using node@v25.8.1
3 silly config load:file:/usr/local/lib/node_modules/npm/npmrc
4 silly config load:file:/Users/user/Desktop/link-ghosta/frontend/.npmrc
5 silly config load:file:/Users/user/.npmrc
6 silly config load:file:/Users/user/Desktop/link-ghosta/frontend/etc/npmrc
7 verbose title npm audit
8 verbose argv "audit" "--prefix" "frontend" "--json"
9 verbose logfile logs-max:10 dir:/Users/user/Desktop/link-ghosta/.npm-cache/_logs/2026-06-17T09_23_43_523Z-
10 verbose logfile /Users/user/Desktop/link-ghosta/.npm-cache/_logs/2026-06-17T09_23_43_523Z-debug-0.log
11 silly logfile done cleaning log files
12 silly packumentCache heap:4496293888 maxSize:1124073472 maxEntrySize:562036736
13 silly audit bulk request {
13 silly audit   '@alloc/quick-lru': [ '5.2.0' ],
13 silly audit   '@babel/code-frame': [ '7.29.7' ],
13 silly audit   '@babel/compat-data': [ '7.29.7' ],
13 silly audit   '@babel/core': [ '7.29.7' ],
13 silly audit   '@babel/generator': [ '7.29.7' ],
13 silly audit   '@babel/helper-compilation-targets': [ '7.29.7' ],
13 silly audit   '@babel/helper-globals': [ '7.29.7' ],
13 silly audit   '@babel/helper-module-imports': [ '7.29.7' ],
13 silly audit   '@babel/helper-module-transforms': [ '7.29.7' ],
13 silly audit   '@babel/helper-plugin-utils': [ '7.29.7' ],
13 silly audit   '@babel/helper-string-parser': [ '7.29.7' ],
13 silly audit   '@babel/helper-validator-identifier': [ '7.29.7' ],
13 silly audit   '@babel/helper-validator-option': [ '7.29.7' ],
13 silly audit   '@babel/helpers': [ '7.29.7' ],
13 silly audit   '@babel/parser': [ '7.29.7' ],
13 silly audit   '@babel/plugin-transform-react-jsx-self': [ '7.29.7' ],
13 silly audit   '@babel/plugin-transform-react-jsx-source': [ '7.29.7' ],
13 silly audit   '@babel/template': [ '7.29.7' ],
13 silly audit   '@babel/traverse': [ '7.29.7' ],
13 silly audit   '@babel/types': [ '7.29.7' ],
13 silly audit   '@esbuild/aix-ppc64': [ '0.25.12' ],
13 silly audit   '@esbuild/android-arm': [ '0.25.12' ],
13 silly audit   '@esbuild/android-arm64': [ '0.25.12' ],
13 silly audit   '@esbuild/android-x64': [ '0.25.12' ],
13 silly audit   '@esbuild/darwin-arm64': [ '0.25.12' ],
13 silly audit   '@esbuild/darwin-x64': [ '0.25.12' ],
13 silly audit   '@esbuild/freebsd-arm64': [ '0.25.12' ],
13 silly audit   '@esbuild/freebsd-x64': [ '0.25.12' ],
13 silly audit   '@esbuild/linux-arm': [ '0.25.12' ],
13 silly audit   '@esbuild/linux-arm64': [ '0.25.12' ],
13 silly audit   '@esbuild/linux-ia32': [ '0.25.12' ],
13 silly audit   '@esbuild/linux-loong64': [ '0.25.12' ],
13 silly audit   '@esbuild/linux-mips64el': [ '0.25.12' ],
13 silly audit   '@esbuild/linux-ppc64': [ '0.25.12' ],
13 silly audit   '@esbuild/linux-riscv64': [ '0.25.12' ],
13 silly audit   '@esbuild/linux-s390x': [ '0.25.12' ],
13 silly audit   '@esbuild/linux-x64': [ '0.25.12' ],
13 silly audit   '@esbuild/netbsd-arm64': [ '0.25.12' ],
13 silly audit   '@esbuild/netbsd-x64': [ '0.25.12' ],
13 silly audit   '@esbuild/openbsd-arm64': [ '0.25.12' ],
13 silly audit   '@esbuild/openbsd-x64': [ '0.25.12' ],
13 silly audit   '@esbuild/openharmony-arm64': [ '0.25.12' ],
13 silly audit   '@esbuild/sunos-x64': [ '0.25.12' ],
13 silly audit   '@esbuild/win32-arm64': [ '0.25.12' ],
13 silly audit   '@esbuild/win32-ia32': [ '0.25.12' ],
13 silly audit   '@esbuild/win32-x64': [ '0.25.12' ],
13 silly audit   '@jridgewell/gen-mapping': [ '0.3.13' ],
13 silly audit   '@jridgewell/remapping': [ '2.3.5' ],
13 silly audit   '@jridgewell/resolve-uri': [ '3.1.2' ],
13 silly audit   '@jridgewell/sourcemap-codec': [ '1.5.5' ],
13 silly audit   '@jridgewell/trace-mapping': [ '0.3.31' ],
13 silly audit   '@nodelib/fs.scandir': [ '2.1.5' ],
13 silly audit   '@nodelib/fs.stat': [ '2.0.5' ],
13 silly audit   '@nodelib/fs.walk': [ '1.2.8' ],
13 silly audit   '@rolldown/pluginutils': [ '1.0.0-beta.27' ],
13 silly audit   '@rollup/rollup-android-arm-eabi': [ '4.62.0' ],
13 silly audit   '@rollup/rollup-android-arm64': [ '4.62.0' ],
13 silly audit   '@rollup/rollup-darwin-arm64': [ '4.62.0' ],
13 silly audit   '@rollup/rollup-darwin-x64': [ '4.62.0' ],
13 silly audit   '@rollup/rollup-freebsd-arm64': [ '4.62.0' ],
13 silly audit   '@rollup/rollup-freebsd-x64': [ '4.62.0' ],
13 silly audit   '@rollup/rollup-linux-arm-gnueabihf': [ '4.62.0' ],
13 silly audit   '@rollup/rollup-linux-arm-musleabihf': [ '4.62.0' ],
13 silly audit   '@rollup/rollup-linux-arm64-gnu': [ '4.62.0' ],
13 silly audit   '@rollup/rollup-linux-arm64-musl': [ '4.62.0' ],
13 silly audit   '@rollup/rollup-linux-loong64-gnu': [ '4.62.0' ],
13 silly audit   '@rollup/rollup-linux-loong64-musl': [ '4.62.0' ],
13 silly audit   '@rollup/rollup-linux-ppc64-gnu': [ '4.62.0' ],
13 silly audit   '@rollup/rollup-linux-ppc64-musl': [ '4.62.0' ],
13 silly audit   '@rollup/rollup-linux-riscv64-gnu': [ '4.62.0' ],
13 silly audit   '@rollup/rollup-linux-riscv64-musl': [ '4.62.0' ],
13 silly audit   '@rollup/rollup-linux-s390x-gnu': [ '4.62.0' ],
13 silly audit   '@rollup/rollup-linux-x64-gnu': [ '4.62.0' ],
13 silly audit   '@rollup/rollup-linux-x64-musl': [ '4.62.0' ],
13 silly audit   '@rollup/rollup-openbsd-x64': [ '4.62.0' ],
13 silly audit   '@rollup/rollup-openharmony-arm64': [ '4.62.0' ],
13 silly audit   '@rollup/rollup-win32-arm64-msvc': [ '4.62.0' ],
13 silly audit   '@rollup/rollup-win32-ia32-msvc': [ '4.62.0' ],
13 silly audit   '@rollup/rollup-win32-x64-gnu': [ '4.62.0' ],
13 silly audit   '@rollup/rollup-win32-x64-msvc': [ '4.62.0' ],
13 silly audit   '@types/babel__core': [ '7.20.5' ],
13 silly audit   '@types/babel__generator': [ '7.27.0' ],
13 silly audit   '@types/babel__template': [ '7.4.4' ],
13 silly audit   '@types/babel__traverse': [ '7.28.0' ],
13 silly audit   '@types/estree': [ '1.0.9' ],
13 silly audit   '@vitejs/plugin-react': [ '4.7.0' ],
13 silly audit   'agent-base': [ '6.0.2' ],
13 silly audit   'any-promise': [ '1.3.0' ],
13 silly audit   anymatch: [ '3.1.3' ],
13 silly audit   arg: [ '5.0.2' ],
13 silly audit   asynckit: [ '0.4.0' ],
13 silly audit   autoprefixer: [ '10.5.0' ],
13 silly audit   axios: [ '1.18.0' ],
13 silly audit   'baseline-browser-mapping': [ '2.10.37' ],
13 silly audit   'binary-extensions': [ '2.3.0' ],
13 silly audit   braces: [ '3.0.3' ],
13 silly audit   browserslist: [ '4.28.2' ],
13 silly audit   'call-bind-apply-helpers': [ '1.0.2' ],
13 silly audit   'camelcase-css': [ '2.0.1' ],
13 silly audit   'caniuse-lite': [ '1.0.30001799' ],
13 silly audit   chokidar: [ '3.6.0' ],
13 silly audit   'glob-parent': [ '5.1.2', '6.0.2' ],
13 silly audit   'combined-stream': [ '1.0.8' ],
13 silly audit   commander: [ '4.1.1' ],
13 silly audit   'convert-source-map': [ '2.0.0' ],
13 silly audit   cookie: [ '1.1.1' ],
13 silly audit   cssesc: [ '3.0.0' ],
13 silly audit   csstype: [ '3.2.3' ],
13 silly audit   debug: [ '4.4.3' ],
13 silly audit   'delayed-stream': [ '1.0.0' ],
13 silly audit   didyoumean: [ '1.2.2' ],
13 silly audit   dlv: [ '1.1.3' ],
13 silly audit   'dunder-proto': [ '1.0.1' ],
13 silly audit   'electron-to-chromium': [ '1.5.375' ],
13 silly audit   'es-define-property': [ '1.0.1' ],
13 silly audit   'es-errors': [ '1.3.0' ],
13 silly audit   'es-object-atoms': [ '1.1.2' ],
13 silly audit   'es-set-tostringtag': [ '2.1.0' ],
13 silly audit   esbuild: [ '0.25.12' ],
13 silly audit   escalade: [ '3.2.0' ],
13 silly audit   'fast-glob': [ '3.3.3' ],
13 silly audit   fastq: [ '1.20.1' ],
13 silly audit   'fill-range': [ '7.1.1' ],
13 silly audit   'follow-redirects': [ '1.16.0' ],
13 silly audit   'form-data': [ '4.0.6' ],
13 silly audit   'fraction.js': [ '5.3.4' ],
13 silly audit   fsevents: [ '2.3.3' ],
13 silly audit   'function-bind': [ '1.1.2' ],
13 silly audit   gensync: [ '1.0.0-beta.2' ],
13 silly audit   'get-intrinsic': [ '1.3.0' ],
13 silly audit   'get-proto': [ '1.0.1' ],
13 silly audit   goober: [ '2.1.19' ],
13 silly audit   gopd: [ '1.2.0' ],
13 silly audit   'has-symbols': [ '1.1.0' ],
13 silly audit   'has-tostringtag': [ '1.0.2' ],
13 silly audit   hasown: [ '2.0.4' ],
13 silly audit   'https-proxy-agent': [ '5.0.1' ],
13 silly audit   'is-binary-path': [ '2.1.0' ],
13 silly audit   'is-core-module': [ '2.16.2' ],
13 silly audit   'is-extglob': [ '2.1.1' ],
13 silly audit   'is-glob': [ '4.0.3' ],
13 silly audit   'is-number': [ '7.0.0' ],
13 silly audit   jiti: [ '1.21.7' ],
13 silly audit   'js-tokens': [ '4.0.0' ],
13 silly audit   jsesc: [ '3.1.0' ],
13 silly audit   json5: [ '2.2.3' ],
13 silly audit   lilconfig: [ '3.1.3' ],
13 silly audit   'lines-and-columns': [ '1.2.4' ],
13 silly audit   'loose-envify': [ '1.4.0' ],
13 silly audit   'lru-cache': [ '5.1.1' ],
13 silly audit   'lucide-react': [ '0.468.0' ],
13 silly audit   'math-intrinsics': [ '1.1.0' ],
13 silly audit   merge2: [ '1.4.1' ],
13 silly audit   micromatch: [ '4.0.8' ],
13 silly audit   'mime-db': [ '1.52.0' ],
13 silly audit   'mime-types': [ '2.1.35' ],
13 silly audit   ms: [ '2.1.3' ],
13 silly audit   mz: [ '2.7.0' ],
13 silly audit   nanoid: [ '3.3.12' ],
13 silly audit   'node-releases': [ '2.0.47' ],
13 silly audit   'normalize-path': [ '3.0.0' ],
13 silly audit   'object-assign': [ '4.1.1' ],
13 silly audit   'object-hash': [ '3.0.0' ],
13 silly audit   'path-parse': [ '1.0.7' ],
13 silly audit   picocolors: [ '1.1.1' ],
13 silly audit   picomatch: [ '2.3.2', '4.0.4' ],
13 silly audit   pify: [ '2.3.0' ],
13 silly audit   pirates: [ '4.0.7' ],
13 silly audit   postcss: [ '8.5.15' ],
13 silly audit   'postcss-import': [ '15.1.0' ],
13 silly audit   'postcss-js': [ '4.1.0' ],
13 silly audit   'postcss-load-config': [ '6.0.1' ],
13 silly audit   'postcss-nested': [ '6.2.0' ],
13 silly audit   'postcss-selector-parser': [ '6.1.4' ],
13 silly audit   'postcss-value-parser': [ '4.2.0' ],
13 silly audit   'proxy-from-env': [ '2.1.0' ],
13 silly audit   'queue-microtask': [ '1.2.3' ],
13 silly audit   react: [ '18.3.1' ],
13 silly audit   'react-dom': [ '18.3.1' ],
13 silly audit   'react-hot-toast': [ '2.6.0' ],
13 silly audit   'react-refresh': [ '0.17.0' ],
13 silly audit   'react-router': [ '7.18.0' ],
13 silly audit   'react-router-dom': [ '7.18.0' ],
13 silly audit   'read-cache': [ '1.0.0' ],
13 silly audit   readdirp: [ '3.6.0' ],
13 silly audit   resolve: [ '1.22.12' ],
13 silly audit   reusify: [ '1.1.0' ],
13 silly audit   rollup: [ '4.62.0' ],
13 silly audit   'run-parallel': [ '1.2.0' ],
13 silly audit   scheduler: [ '0.23.2' ],
13 silly audit   semver: [ '6.3.1' ],
13 silly audit   'set-cookie-parser': [ '2.7.2' ],
13 silly audit   'source-map-js': [ '1.2.1' ],
13 silly audit   sucrase: [ '3.35.1' ],
13 silly audit   'supports-preserve-symlinks-flag': [ '1.0.0' ],
13 silly audit   tailwindcss: [ '3.4.19' ],
13 silly audit   thenify: [ '3.3.1' ],
13 silly audit   'thenify-all': [ '1.6.0' ],
13 silly audit   tinyglobby: [ '0.2.17' ],
13 silly audit   fdir: [ '6.5.0' ],
13 silly audit   'to-regex-range': [ '5.0.1' ],
13 silly audit   'ts-interface-checker': [ '0.1.13' ],
13 silly audit   'update-browserslist-db': [ '1.2.3' ],
13 silly audit   'util-deprecate': [ '1.0.2' ],
13 silly audit   vite: [ '6.4.3' ],
13 silly audit   yallist: [ '3.1.1' ]
13 silly audit }
14 http fetch POST 200 https://registry.npmjs.org/-/npm/v1/security/advisories/bulk 397ms
15 silly audit report {
15 silly audit report   esbuild: [
15 silly audit report     {
15 silly audit report       id: 1120679,
15 silly audit report       url: 'https://github.com/advisories/GHSA-gv7w-rqvm-qjhr',
15 silly audit report       title: 'esbuild: Missing binary integrity verification in Deno module enables remote code execution via NPM_CONFIG_REGISTRY',
15 silly audit report       severity: 'high',
15 silly audit report       vulnerable_versions: '>=0.17.0 <0.28.1',
15 silly audit report       cwe: [Array],
15 silly audit report       cvss: [Object]
15 silly audit report     }
15 silly audit report   ]
15 silly audit report }
16 silly packumentCache corgi:https://registry.npmjs.org/esbuild cache-miss
17 http cache https://registry.npmjs.org/esbuild 17ms (cache hit)
18 silly packumentCache corgi:https://registry.npmjs.org/esbuild set size:887361 disposed:false
19 silly packumentCache corgi:https://registry.npmjs.org/vite cache-miss
20 http cache https://registry.npmjs.org/vite 11ms (cache hit)
21 silly packumentCache corgi:https://registry.npmjs.org/vite set size:2264592 disposed:false
22 silly packumentCache corgi:https://registry.npmjs.org/@vitejs%2fplugin-react cache-miss
23 http cache https://registry.npmjs.org/@vitejs%2fplugin-react 8ms (cache hit)
24 silly packumentCache corgi:https://registry.npmjs.org/@vitejs%2fplugin-react set size:113751 disposed:false
25 verbose cwd /Users/user/Desktop/link-ghosta
26 verbose os Darwin 25.5.0
27 verbose node v25.8.1
28 verbose npm  v11.11.0
29 verbose exit 1
30 verbose code 1
