0 verbose cli /usr/local/bin/node /usr/local/bin/npm
1 info using npm@11.11.0
2 info using node@v25.8.1
3 silly config load:file:/usr/local/lib/node_modules/npm/npmrc
4 silly config load:file:/Users/user/Desktop/link-ghosta/backend/.npmrc
5 silly config load:file:/Users/user/.npmrc
6 silly config load:file:/Users/user/Desktop/link-ghosta/backend/etc/npmrc
7 verbose title npm audit
8 verbose argv "audit" "--prefix" "backend" "--json"
9 verbose logfile logs-max:10 dir:/Users/user/Desktop/link-ghosta/.npm-cache/_logs/2026-06-17T09_23_47_644Z-
10 verbose logfile /Users/user/Desktop/link-ghosta/.npm-cache/_logs/2026-06-17T09_23_47_644Z-debug-0.log
11 silly logfile done cleaning log files
12 silly packumentCache heap:4496293888 maxSize:1124073472 maxEntrySize:562036736
13 silly audit bulk request {
13 silly audit   '@mongodb-js/saslprep': [ '1.4.11' ],
13 silly audit   '@react-email/render': [ '1.1.2' ],
13 silly audit   '@selderee/plugin-htmlparser2': [ '0.11.0' ],
13 silly audit   '@types/webidl-conversions': [ '7.0.3' ],
13 silly audit   '@types/whatwg-url': [ '11.0.5' ],
13 silly audit   accepts: [ '1.3.8' ],
13 silly audit   anymatch: [ '3.1.3' ],
13 silly audit   'append-field': [ '1.0.0' ],
13 silly audit   'array-flatten': [ '1.1.1' ],
13 silly audit   'balanced-match': [ '4.0.4' ],
13 silly audit   'basic-auth': [ '2.0.1' ],
13 silly audit   'safe-buffer': [ '5.1.2', '5.2.1' ],
13 silly audit   bcryptjs: [ '2.4.3' ],
13 silly audit   'binary-extensions': [ '2.3.0' ],
13 silly audit   'body-parser': [ '1.20.5' ],
13 silly audit   'brace-expansion': [ '5.0.6' ],
13 silly audit   braces: [ '3.0.3' ],
13 silly audit   bson: [ '6.10.4' ],
13 silly audit   'buffer-equal-constant-time': [ '1.0.1' ],
13 silly audit   'buffer-from': [ '1.1.2' ],
13 silly audit   busboy: [ '1.6.0' ],
13 silly audit   bytes: [ '3.1.2' ],
13 silly audit   'call-bind-apply-helpers': [ '1.0.2' ],
13 silly audit   'call-bound': [ '1.0.4' ],
13 silly audit   chokidar: [ '3.6.0' ],
13 silly audit   cloudinary: [ '2.10.0' ],
13 silly audit   'concat-stream': [ '1.6.2' ],
13 silly audit   'content-disposition': [ '0.5.4' ],
13 silly audit   'content-type': [ '1.0.5' ],
13 silly audit   cookie: [ '0.7.2' ],
13 silly audit   'cookie-parser': [ '1.4.7' ],
13 silly audit   'cookie-signature': [ '1.0.6' ],
13 silly audit   'core-util-is': [ '1.0.3' ],
13 silly audit   cors: [ '2.8.6' ],
13 silly audit   debug: [ '2.6.9', '4.4.3' ],
13 silly audit   deepmerge: [ '4.3.1' ],
13 silly audit   depd: [ '2.0.0' ],
13 silly audit   destroy: [ '1.2.0' ],
13 silly audit   'dom-serializer': [ '2.0.0' ],
13 silly audit   domelementtype: [ '2.3.0' ],
13 silly audit   domhandler: [ '5.0.3' ],
13 silly audit   domutils: [ '3.2.2' ],
13 silly audit   dotenv: [ '16.6.1' ],
13 silly audit   'dunder-proto': [ '1.0.1' ],
13 silly audit   'ecdsa-sig-formatter': [ '1.0.11' ],
13 silly audit   'ee-first': [ '1.1.1' ],
13 silly audit   encodeurl: [ '2.0.0' ],
13 silly audit   entities: [ '4.5.0' ],
13 silly audit   'es-define-property': [ '1.0.1' ],
13 silly audit   'es-errors': [ '1.3.0' ],
13 silly audit   'es-object-atoms': [ '1.1.2' ],
13 silly audit   'escape-html': [ '1.0.3' ],
13 silly audit   etag: [ '1.8.1' ],
13 silly audit   express: [ '4.22.2' ],
13 silly audit   'express-rate-limit': [ '7.5.1' ],
13 silly audit   'fast-deep-equal': [ '2.0.1' ],
13 silly audit   'fill-range': [ '7.1.1' ],
13 silly audit   finalhandler: [ '1.3.2' ],
13 silly audit   forwarded: [ '0.2.0' ],
13 silly audit   fresh: [ '0.5.2' ],
13 silly audit   fsevents: [ '2.3.3' ],
13 silly audit   'function-bind': [ '1.1.2' ],
13 silly audit   'get-intrinsic': [ '1.3.0' ],
13 silly audit   'get-proto': [ '1.0.1' ],
13 silly audit   'glob-parent': [ '5.1.2' ],
13 silly audit   gopd: [ '1.2.0' ],
13 silly audit   'has-flag': [ '3.0.0' ],
13 silly audit   'has-symbols': [ '1.1.0' ],
13 silly audit   hasown: [ '2.0.4' ],
13 silly audit   helmet: [ '8.2.0' ],
13 silly audit   'html-to-text': [ '9.0.5' ],
13 silly audit   htmlparser2: [ '8.0.2' ],
13 silly audit   'http-errors': [ '2.0.1' ],
13 silly audit   'iconv-lite': [ '0.4.24' ],
13 silly audit   'ignore-by-default': [ '1.0.1' ],
13 silly audit   inherits: [ '2.0.4' ],
13 silly audit   'ipaddr.js': [ '1.9.1' ],
13 silly audit   'is-binary-path': [ '2.1.0' ],
13 silly audit   'is-extglob': [ '2.1.1' ],
13 silly audit   'is-glob': [ '4.0.3' ],
13 silly audit   'is-number': [ '7.0.0' ],
13 silly audit   isarray: [ '1.0.0' ],
13 silly audit   jsonwebtoken: [ '9.0.3' ],
13 silly audit   ms: [ '2.1.3', '2.0.0' ],
13 silly audit   jwa: [ '2.0.1' ],
13 silly audit   jws: [ '4.0.1' ],
13 silly audit   kareem: [ '2.6.3' ],
13 silly audit   leac: [ '0.6.0' ],
13 silly audit   lodash: [ '4.18.1' ],
13 silly audit   'lodash.includes': [ '4.3.0' ],
13 silly audit   'lodash.isboolean': [ '3.0.3' ],
13 silly audit   'lodash.isinteger': [ '4.0.4' ],
13 silly audit   'lodash.isnumber': [ '3.0.3' ],
13 silly audit   'lodash.isplainobject': [ '4.0.6' ],
13 silly audit   'lodash.isstring': [ '4.0.1' ],
13 silly audit   'lodash.once': [ '4.1.1' ],
13 silly audit   'math-intrinsics': [ '1.1.0' ],
13 silly audit   'media-typer': [ '0.3.0' ],
13 silly audit   'memory-pager': [ '1.5.0' ],
13 silly audit   'merge-descriptors': [ '1.0.3' ],
13 silly audit   methods: [ '1.1.2' ],
13 silly audit   mime: [ '1.6.0' ],
13 silly audit   'mime-db': [ '1.52.0' ],
13 silly audit   'mime-types': [ '2.1.35' ],
13 silly audit   minimatch: [ '10.2.5' ],
13 silly audit   minimist: [ '1.2.8' ],
13 silly audit   mkdirp: [ '0.5.6' ],
13 silly audit   mongodb: [ '6.20.0' ],
13 silly audit   'mongodb-connection-string-url': [ '3.0.2' ],
13 silly audit   mongoose: [ '8.24.0' ],
13 silly audit   morgan: [ '1.11.0' ],
13 silly audit   mpath: [ '0.9.0' ],
13 silly audit   mquery: [ '5.0.0' ],
13 silly audit   multer: [ '1.4.5-lts.2' ],
13 silly audit   negotiator: [ '0.6.3' ],
13 silly audit   nodemon: [ '3.1.14' ],
13 silly audit   'normalize-path': [ '3.0.0' ],
13 silly audit   'object-assign': [ '4.1.1' ],
13 silly audit   'object-inspect': [ '1.13.4' ],
13 silly audit   'on-finished': [ '2.4.1' ],
13 silly audit   'on-headers': [ '1.1.0' ],
13 silly audit   parseley: [ '0.12.1' ],
13 silly audit   parseurl: [ '1.3.3' ],
13 silly audit   'path-to-regexp': [ '0.1.13' ],
13 silly audit   peberminta: [ '0.9.0' ],
13 silly audit   picomatch: [ '2.3.2' ],
13 silly audit   prettier: [ '3.8.4' ],
13 silly audit   'process-nextick-args': [ '2.0.1' ],
13 silly audit   'proxy-addr': [ '2.0.7' ],
13 silly audit   'pstree.remy': [ '1.1.8' ],
13 silly audit   punycode: [ '2.3.1' ],
13 silly audit   qs: [ '6.15.2' ],
13 silly audit   'range-parser': [ '1.2.1' ],
13 silly audit   'raw-body': [ '2.5.3' ],
13 silly audit   react: [ '19.2.7' ],
13 silly audit   'react-dom': [ '19.2.7' ],
13 silly audit   'react-promise-suspense': [ '0.3.4' ],
13 silly audit   'readable-stream': [ '2.3.8' ],
13 silly audit   readdirp: [ '3.6.0' ],
13 silly audit   resend: [ '4.8.0' ],
13 silly audit   'safer-buffer': [ '2.1.2' ],
13 silly audit   scheduler: [ '0.27.0' ],
13 silly audit   selderee: [ '0.11.0' ],
13 silly audit   semver: [ '7.8.4' ],
13 silly audit   send: [ '0.19.2' ],
13 silly audit   'serve-static': [ '1.16.3' ],
13 silly audit   setprototypeof: [ '1.2.0' ],
13 silly audit   'side-channel': [ '1.1.1' ],
13 silly audit   'side-channel-list': [ '1.0.1' ],
13 silly audit   'side-channel-map': [ '1.0.1' ],
13 silly audit   'side-channel-weakmap': [ '1.0.2' ],
13 silly audit   sift: [ '17.1.3' ],
13 silly audit   'simple-update-notifier': [ '2.0.0' ],
13 silly audit   'sparse-bitfield': [ '3.0.3' ],
13 silly audit   statuses: [ '2.0.2' ],
13 silly audit   streamsearch: [ '1.1.0' ],
13 silly audit   string_decoder: [ '1.1.1' ],
13 silly audit   'supports-color': [ '5.5.0' ],
13 silly audit   'to-regex-range': [ '5.0.1' ],
13 silly audit   toidentifier: [ '1.0.1' ],
13 silly audit   touch: [ '3.1.1' ],
13 silly audit   tr46: [ '5.1.1' ],
13 silly audit   'type-is': [ '1.6.18' ],
13 silly audit   typedarray: [ '0.0.6' ],
13 silly audit   undefsafe: [ '2.0.5' ],
13 silly audit   unpipe: [ '1.0.0' ],
13 silly audit   'util-deprecate': [ '1.0.2' ],
13 silly audit   'utils-merge': [ '1.0.1' ],
13 silly audit   vary: [ '1.1.2' ],
13 silly audit   'webidl-conversions': [ '7.0.0' ],
13 silly audit   'whatwg-url': [ '14.2.0' ],
13 silly audit   xtend: [ '4.0.2' ]
13 silly audit }
14 http fetch POST 200 https://registry.npmjs.org/-/npm/v1/security/advisories/bulk 398ms
15 silly audit report {}
16 verbose cwd /Users/user/Desktop/link-ghosta
17 verbose os Darwin 25.5.0
18 verbose node v25.8.1
19 verbose npm  v11.11.0
20 verbose exit 0
21 info ok
