0 verbose cli /usr/local/bin/node /usr/local/bin/npm
1 info using npm@11.11.0
2 info using node@v25.8.1
3 silly config load:file:/usr/local/lib/node_modules/npm/npmrc
4 silly config load:file:/Users/user/Desktop/link-ghosta/frontend/.npmrc
5 silly config load:file:/Users/user/.npmrc
6 silly config load:file:/Users/user/Desktop/link-ghosta/frontend/etc/npmrc
7 verbose title npm audit
8 verbose argv "audit" "--prefix" "frontend" "--json"
9 verbose logfile logs-max:10 dir:/Users/user/Desktop/link-ghosta/.npm-cache/_logs/2026-06-17T09_24_46_024Z-
10 verbose logfile /Users/user/Desktop/link-ghosta/.npm-cache/_logs/2026-06-17T09_24_46_024Z-debug-0.log
11 silly logfile start cleaning logs, removing 2 files
12 silly packumentCache heap:4496293888 maxSize:1124073472 maxEntrySize:562036736
13 silly logfile done cleaning log files
14 silly audit bulk request {
14 silly audit   '@alloc/quick-lru': [ '5.2.0' ],
14 silly audit   '@emnapi/core': [ '1.10.0' ],
14 silly audit   '@emnapi/runtime': [ '1.10.0' ],
14 silly audit   '@emnapi/wasi-threads': [ '1.2.1' ],
14 silly audit   '@jridgewell/gen-mapping': [ '0.3.13' ],
14 silly audit   '@jridgewell/resolve-uri': [ '3.1.2' ],
14 silly audit   '@jridgewell/sourcemap-codec': [ '1.5.5' ],
14 silly audit   '@jridgewell/trace-mapping': [ '0.3.31' ],
14 silly audit   '@napi-rs/wasm-runtime': [ '1.1.5' ],
14 silly audit   '@nodelib/fs.scandir': [ '2.1.5' ],
14 silly audit   '@nodelib/fs.stat': [ '2.0.5' ],
14 silly audit   '@nodelib/fs.walk': [ '1.2.8' ],
14 silly audit   '@oxc-project/types': [ '0.133.0' ],
14 silly audit   '@rolldown/binding-android-arm64': [ '1.0.3' ],
14 silly audit   '@rolldown/binding-darwin-arm64': [ '1.0.3' ],
14 silly audit   '@rolldown/binding-darwin-x64': [ '1.0.3' ],
14 silly audit   '@rolldown/binding-freebsd-x64': [ '1.0.3' ],
14 silly audit   '@rolldown/binding-linux-arm-gnueabihf': [ '1.0.3' ],
14 silly audit   '@rolldown/binding-linux-arm64-gnu': [ '1.0.3' ],
14 silly audit   '@rolldown/binding-linux-arm64-musl': [ '1.0.3' ],
14 silly audit   '@rolldown/binding-linux-ppc64-gnu': [ '1.0.3' ],
14 silly audit   '@rolldown/binding-linux-s390x-gnu': [ '1.0.3' ],
14 silly audit   '@rolldown/binding-linux-x64-gnu': [ '1.0.3' ],
14 silly audit   '@rolldown/binding-linux-x64-musl': [ '1.0.3' ],
14 silly audit   '@rolldown/binding-openharmony-arm64': [ '1.0.3' ],
14 silly audit   '@rolldown/binding-wasm32-wasi': [ '1.0.3' ],
14 silly audit   '@rolldown/binding-win32-arm64-msvc': [ '1.0.3' ],
14 silly audit   '@rolldown/binding-win32-x64-msvc': [ '1.0.3' ],
14 silly audit   '@rolldown/pluginutils': [ '1.0.1' ],
14 silly audit   '@tybys/wasm-util': [ '0.10.2' ],
14 silly audit   '@vitejs/plugin-react': [ '6.0.2' ],
14 silly audit   'agent-base': [ '6.0.2' ],
14 silly audit   'any-promise': [ '1.3.0' ],
14 silly audit   anymatch: [ '3.1.3' ],
14 silly audit   arg: [ '5.0.2' ],
14 silly audit   asynckit: [ '0.4.0' ],
14 silly audit   autoprefixer: [ '10.5.0' ],
14 silly audit   axios: [ '1.18.0' ],
14 silly audit   'baseline-browser-mapping': [ '2.10.37' ],
14 silly audit   'binary-extensions': [ '2.3.0' ],
14 silly audit   braces: [ '3.0.3' ],
14 silly audit   browserslist: [ '4.28.2' ],
14 silly audit   'call-bind-apply-helpers': [ '1.0.2' ],
14 silly audit   'camelcase-css': [ '2.0.1' ],
14 silly audit   'caniuse-lite': [ '1.0.30001799' ],
14 silly audit   chokidar: [ '3.6.0' ],
14 silly audit   'glob-parent': [ '5.1.2', '6.0.2' ],
14 silly audit   'combined-stream': [ '1.0.8' ],
14 silly audit   commander: [ '4.1.1' ],
14 silly audit   cookie: [ '1.1.1' ],
14 silly audit   cssesc: [ '3.0.0' ],
14 silly audit   csstype: [ '3.2.3' ],
14 silly audit   debug: [ '4.4.3' ],
14 silly audit   'delayed-stream': [ '1.0.0' ],
14 silly audit   'detect-libc': [ '2.1.2' ],
14 silly audit   didyoumean: [ '1.2.2' ],
14 silly audit   dlv: [ '1.1.3' ],
14 silly audit   'dunder-proto': [ '1.0.1' ],
14 silly audit   'electron-to-chromium': [ '1.5.375' ],
14 silly audit   'es-define-property': [ '1.0.1' ],
14 silly audit   'es-errors': [ '1.3.0' ],
14 silly audit   'es-object-atoms': [ '1.1.2' ],
14 silly audit   'es-set-tostringtag': [ '2.1.0' ],
14 silly audit   escalade: [ '3.2.0' ],
14 silly audit   'fast-glob': [ '3.3.3' ],
14 silly audit   fastq: [ '1.20.1' ],
14 silly audit   'fill-range': [ '7.1.1' ],
14 silly audit   'follow-redirects': [ '1.16.0' ],
14 silly audit   'form-data': [ '4.0.6' ],
14 silly audit   'fraction.js': [ '5.3.4' ],
14 silly audit   fsevents: [ '2.3.3' ],
14 silly audit   'function-bind': [ '1.1.2' ],
14 silly audit   'get-intrinsic': [ '1.3.0' ],
14 silly audit   'get-proto': [ '1.0.1' ],
14 silly audit   goober: [ '2.1.19' ],
14 silly audit   gopd: [ '1.2.0' ],
14 silly audit   'has-symbols': [ '1.1.0' ],
14 silly audit   'has-tostringtag': [ '1.0.2' ],
14 silly audit   hasown: [ '2.0.4' ],
14 silly audit   'https-proxy-agent': [ '5.0.1' ],
14 silly audit   'is-binary-path': [ '2.1.0' ],
14 silly audit   'is-core-module': [ '2.16.2' ],
14 silly audit   'is-extglob': [ '2.1.1' ],
14 silly audit   'is-glob': [ '4.0.3' ],
14 silly audit   'is-number': [ '7.0.0' ],
14 silly audit   jiti: [ '1.21.7' ],
14 silly audit   'js-tokens': [ '4.0.0' ],
14 silly audit   lightningcss: [ '1.32.0' ],
14 silly audit   'lightningcss-android-arm64': [ '1.32.0' ],
14 silly audit   'lightningcss-darwin-arm64': [ '1.32.0' ],
14 silly audit   'lightningcss-darwin-x64': [ '1.32.0' ],
14 silly audit   'lightningcss-freebsd-x64': [ '1.32.0' ],
14 silly audit   'lightningcss-linux-arm-gnueabihf': [ '1.32.0' ],
14 silly audit   'lightningcss-linux-arm64-gnu': [ '1.32.0' ],
14 silly audit   'lightningcss-linux-arm64-musl': [ '1.32.0' ],
14 silly audit   'lightningcss-linux-x64-gnu': [ '1.32.0' ],
14 silly audit   'lightningcss-linux-x64-musl': [ '1.32.0' ],
14 silly audit   'lightningcss-win32-arm64-msvc': [ '1.32.0' ],
14 silly audit   'lightningcss-win32-x64-msvc': [ '1.32.0' ],
14 silly audit   lilconfig: [ '3.1.3' ],
14 silly audit   'lines-and-columns': [ '1.2.4' ],
14 silly audit   'loose-envify': [ '1.4.0' ],
14 silly audit   'lucide-react': [ '0.468.0' ],
14 silly audit   'math-intrinsics': [ '1.1.0' ],
14 silly audit   merge2: [ '1.4.1' ],
14 silly audit   micromatch: [ '4.0.8' ],
14 silly audit   'mime-db': [ '1.52.0' ],
14 silly audit   'mime-types': [ '2.1.35' ],
14 silly audit   ms: [ '2.1.3' ],
14 silly audit   mz: [ '2.7.0' ],
14 silly audit   nanoid: [ '3.3.12' ],
14 silly audit   'node-releases': [ '2.0.47' ],
14 silly audit   'normalize-path': [ '3.0.0' ],
14 silly audit   'object-assign': [ '4.1.1' ],
14 silly audit   'object-hash': [ '3.0.0' ],
14 silly audit   'path-parse': [ '1.0.7' ],
14 silly audit   picocolors: [ '1.1.1' ],
14 silly audit   picomatch: [ '2.3.2', '4.0.4' ],
14 silly audit   pify: [ '2.3.0' ],
14 silly audit   pirates: [ '4.0.7' ],
14 silly audit   postcss: [ '8.5.15' ],
14 silly audit   'postcss-import': [ '15.1.0' ],
14 silly audit   'postcss-js': [ '4.1.0' ],
14 silly audit   'postcss-load-config': [ '6.0.1' ],
14 silly audit   'postcss-nested': [ '6.2.0' ],
14 silly audit   'postcss-selector-parser': [ '6.1.4' ],
14 silly audit   'postcss-value-parser': [ '4.2.0' ],
14 silly audit   'proxy-from-env': [ '2.1.0' ],
14 silly audit   'queue-microtask': [ '1.2.3' ],
14 silly audit   react: [ '18.3.1' ],
14 silly audit   'react-dom': [ '18.3.1' ],
14 silly audit   'react-hot-toast': [ '2.6.0' ],
14 silly audit   'react-router': [ '7.18.0' ],
14 silly audit   'react-router-dom': [ '7.18.0' ],
14 silly audit   'read-cache': [ '1.0.0' ],
14 silly audit   readdirp: [ '3.6.0' ],
14 silly audit   resolve: [ '1.22.12' ],
14 silly audit   reusify: [ '1.1.0' ],
14 silly audit   rolldown: [ '1.0.3' ],
14 silly audit   'run-parallel': [ '1.2.0' ],
14 silly audit   scheduler: [ '0.23.2' ],
14 silly audit   'set-cookie-parser': [ '2.7.2' ],
14 silly audit   'source-map-js': [ '1.2.1' ],
14 silly audit   sucrase: [ '3.35.1' ],
14 silly audit   'supports-preserve-symlinks-flag': [ '1.0.0' ],
14 silly audit   tailwindcss: [ '3.4.19' ],
14 silly audit   thenify: [ '3.3.1' ],
14 silly audit   'thenify-all': [ '1.6.0' ],
14 silly audit   tinyglobby: [ '0.2.17' ],
14 silly audit   fdir: [ '6.5.0' ],
14 silly audit   'to-regex-range': [ '5.0.1' ],
14 silly audit   'ts-interface-checker': [ '0.1.13' ],
14 silly audit   tslib: [ '2.8.1' ],
14 silly audit   'update-browserslist-db': [ '1.2.3' ],
14 silly audit   'util-deprecate': [ '1.0.2' ],
14 silly audit   vite: [ '8.0.16' ]
14 silly audit }
15 http fetch POST 200 https://registry.npmjs.org/-/npm/v1/security/advisories/bulk 384ms
16 silly audit report {}
17 verbose cwd /Users/user/Desktop/link-ghosta
18 verbose os Darwin 25.5.0
19 verbose node v25.8.1
20 verbose npm  v11.11.0
21 verbose exit 0
22 info ok
